
({1}: {0} получил ключ, DWFI, 22:47:59)
({3} [{1}]{0}: {2}, DWFI, BMNESHRHAUEIHEDC, TestMessage, 22:48:00)
({1}: {0} получил ключ, LQIJ, 22:48:00)
({3} [{1}]{0}: {2}, LQIJ, YNQFBARKKCLCBHPH, TestMessage, 22:48:00)
({1}: {0} получил ключ, LHUU, 22:48:00)
({3} [{1}]{0}: {2}, LHUU, MJKAJNXLDMBLGDRT, TestMessage, 22:48:00)
({1}: {0} получил ключ, CIIQ, 22:48:00)
({3} [{1}]{0}: {2}, CIIQ, MWNPGESYSOXBSLCP, TestMessage, 22:48:00)
({1}: {0} получил ключ, DUPU, 22:48:01)
({3} [{1}]{0}: {2}, DUPU, ASHKNSYYLYNKWHEC, TestMessage, 22:48:01)
({1}: {0} получил ключ, AVEH, 22:48:01)
({3} [{1}]{0}: {2}, AVEH, AHJAKJTNBAJYJPOX, TestMessage, 22:48:01)
({1}: {0} получил ключ, VHPO, 22:48:01)
({3} [{1}]{0}: {2}, VHPO, NDEUSWANTLYIOLQK, TestMessage, 22:48:01)
({1}: {0} получил ключ, OKVE, 22:48:02)
({3} [{1}]{0}: {2}, OKVE, NRGKOOUBJMVXBTBG, TestMessage, 22:48:02)
({1}: {0} получил ключ, MDUW, 22:48:02)
({3} [{1}]{0}: {2}, MDUW, BNAFWCBCDXKHFPDS, TestMessage, 22:48:02)
({1}: {0} получил ключ, QUCI, 22:48:02)
({3} [{1}]{0}: {2}, QUCI, BBDUTSVPSYHWRXNP, TestMessage, 22:48:02)
({1}: {0} получил ключ, IKKW, 22:48:03)
({3} [{1}]{0}: {2}, IKKW, NWWPCHCQLJWGVTPB, TestMessage, 22:48:03)
({1}: {0} получил ключ, IGHR, 22:48:03)
({3} [{1}]{0}: {2}, IGHR, NLYFXXWEBLSUJCAX, TestMessage, 22:48:03)
({1}: {0} получил ключ, VXLO, 22:48:03)
({3} [{1}]{0}: {2}, VXLO, BHTAGLDFTVIENXCK, TestMessage, 22:48:03)
({1}: {0} получил ключ, KGYH, 22:48:04)
({3} [{1}]{0}: {2}, KGYH, BVVPDDWSJWFTAGMG, TestMessage, 22:48:04)
({1}: {0} получил ключ, HOMC, 22:48:04)
({3} [{1}]{0}: {2}, HOMC, ORQKLQETCIUDECOS, TestMessage, 22:48:04)
({1}: {0} получил ключ, HFHC, 22:48:04)
({3} [{1}]{0}: {2}, HFHC, OFSAHHXHRJQSQKYO, TestMessage, 22:48:04)
({1}: {0} получил ключ, WFKA, 22:48:04)
({3} [{1}]{0}: {2}, WFKA, CBMUPUEHKUGCVGCB, TestMessage, 22:48:04)
({1}: {0} получил ключ, ACMM, 22:48:05)
({3} [{1}]{0}: {2}, ACMM, GFCFRJGHDIBXATYN, TestMessage, 22:48:05)
({1}: {0} получил ключ, IGFJ, 22:48:05)
({3} [{1}]{0}: {2}, IGFJ, PLJFUAFVSGSAMKOJ, TestMessage, 22:48:05)
({1}: {0} получил ключ, XRRL, 22:48:05)
({3} [{1}]{0}: {2}, XRRL, PALUQRAJIIOPYSXF, TestMessage, 22:48:05)
({1}: {0} получил ключ, WIFJ, 22:48:06)
({3} [{1}]{0}: {2}, WIFJ, DVGPYFGKBSEYEOBR, TestMessage, 22:48:06)
({1}: {0} получил ключ, FCHK, 22:48:06)
({3} [{1}]{0}: {2}, FCHK, DJIFVVBXQTAOQWKN, TestMessage, 22:48:06)
({1}: {0} получил ключ, TICM, 22:48:06)
({3} [{1}]{0}: {2}, TICM, QFCAEJHYJFPXUSNA, TestMessage, 22:48:06)
({1}: {0} получил ключ, SEAF, 22:48:07)
({3} [{1}]{0}: {2}, SEAF, QTEPABCMYGMMHBXW, TestMessage, 22:48:07)
({1}: {0} получил ключ, HMON, 22:48:07)
({3} [{1}]{0}: {2}, HMON, EPYKIOINRRCVLWAI, TestMessage, 22:48:07)
({1}: {0} получил ключ, NNTL, 22:48:07)
({3} [{1}]{0}: {2}, NNTL, EEBAFGDBHSXLYFKF, TestMessage, 22:48:07)
({1}: {0} получил ключ, GJJL, 22:48:08)
({3} [{1}]{0}: {2}, GJJL, RAVUNTJBADNUDBMR, TestMessage, 22:48:08)
({1}: {0} получил ключ, AVTX, 22:48:08)
({3} [{1}]{0}: {2}, AVTX, RNXKJKEPPFKKPJWN, TestMessage, 22:48:08)
({1}: {0} получил ключ, BIEC, 22:48:08)
({3} [{1}]{0}: {2}, BIEC, FJRFRXKPIPATTFYA, TestMessage, 22:48:08)
({1}: {0} получил ключ, WRHN, 22:48:09)
({3} [{1}]{0}: {2}, WRHN, EXTUOPFDXQVIGNJV, TestMessage, 22:48:09)
({1}: {0} получил ключ, SJAD, 22:48:09)
({3} [{1}]{0}: {2}, SJAD, NRWAWBNPUQPMDGTY, TestMessage, 22:48:09)
({1}: {0} получил ключ, IMRX, 22:48:09)
({3} [{1}]{0}: {2}, IMRX, VXEAYRMEKPGOPWIU, TestMessage, 22:48:09)
({1}: {0} получил ключ, DFMC, 22:48:09)
({3} [{1}]{0}: {2}, DFMC, VLGPUIHRAQDECFSQ, TestMessage, 22:48:09)
({1}: {0} получил ключ, XQYQ, 22:48:10)
({3} [{1}]{0}: {2}, XQYQ, JHBKDVNSSBSNGBUD, TestMessage, 22:48:10)
({1}: {0} получил ключ, NWPV, 22:48:10)
({3} [{1}]{0}: {2}, NWPV, JVDAANIGIDOCTJFY, TestMessage, 22:48:10)
({1}: {0} получил ключ, DOIG, 22:48:10)
({3} [{1}]{0}: {2}, DOIG, WRWUIBOHBNELXFHL, TestMessage, 22:48:10)
({1}: {0} получил ключ, KIPY, 22:48:11)
({3} [{1}]{0}: {2}, KIPY, WGYKERJUQOBBKNRH, TestMessage, 22:48:11)
({1}: {0} получил ключ, HHXI, 22:48:11)
({3} [{1}]{0}: {2}, HHXI, KCTFMGPVJAPKOJTT, TestMessage, 22:48:11)
({1}: {0} получил ключ, JAML, 22:48:11)
({3} [{1}]{0}: {2}, JAML, KPVUJWKJYBMABREQ, TestMessage, 22:48:11)
({1}: {0} получил ключ, FQJD, 22:48:12)
({3} [{1}]{0}: {2}, FQJD, XLQPRKQJRMCJGNHC, TestMessage, 22:48:12)
({1}: {0} получил ключ, PSDH, 22:48:12)
({3} [{1}]{0}: {2}, PSDH, XASFNCLXHNXXSVQY, TestMessage, 22:48:12)
({1}: {0} получил ключ, KGCA, 22:48:12)
({3} [{1}]{0}: {2}, KGCA, LVMBVPRXAXNHWRTL, TestMessage, 22:48:12)
({1}: {0} получил ключ, ILRY, 22:48:13)
({3} [{1}]{0}: {2}, ILRY, LKPPSGMLPAKWJADH, TestMessage, 22:48:13)
({1}: {0} получил ключ, BFCR, 22:48:13)
({3} [{1}]{0}: {2}, BFCR, YGJLBUSMIKAGOVGT, TestMessage, 22:48:13)
({1}: {0} получил ключ, OGRX, 22:48:13)
({3} [{1}]{0}: {2}, OGRX, YTLAWLNAXLVVBEPP, TestMessage, 22:48:13)
({1}: {0} получил ключ, YOSW, 22:48:14)
({3} [{1}]{0}: {2}, YOSW, MPGVFYTBQWLFFASC, TestMessage, 22:48:14)
({1}: {0} получил ключ, FOCH, 22:48:14)
({3} [{1}]{0}: {2}, FOCH, VVNVHPSPGVCHRQHX, TestMessage, 22:48:14)
({1}: {0} получил ключ, KTQI, 22:48:14)
({3} [{1}]{0}: {2}, KTQI, VKPLEHNDVWYVEYRT, TestMessage, 22:48:14)
({1}: {0} получил ключ, NDYI, 22:48:14)
({3} [{1}]{0}: {2}, NDYI, JGJGMUTDOHOFIUUG, TestMessage, 22:48:15)
({1}: {0} получил ключ, YIGT, 22:48:15)
({3} [{1}]{0}: {2}, YIGT, IULVILNREJKUVDEC, TestMessage, 22:48:15)
18.10.2021 23:05:54Сервер запущен...Ожидание подключений...
({1}: {0} получил ключ, Name, 23:06:42)
({1}: {0} получил ключ, Name, 23:06:43)
({1}: {0} получил ключ, Name, 23:06:43)
({1}: {0} получил ключ, Name, 23:06:44)
({1}: {0} получил ключ, Name, 23:06:44)
({3} [{1}]{0}: {2}, Name, YCCUDOPDWKNUXPEW, Message, 23:06:45)
({3} [{1}]{0}: {2}, Name, YCCUDOPDWKNUXPEW, Message, 23:06:45)
({3} [{1}]{0}: {2}, Name, YCCUDOPDWKNUXPEW, Message, 23:06:45)
({3} [{1}]{0}: {2}, Name, YCCUDOPDWKNUXPEW, Message, 23:06:46)
({3} [{1}]{0}: {2}, Name, YCCUDOPDWKNUXPEW, Message, 23:06:46)
({3} [{1}]{0}: {2}, Name, YCCUDOPDWKNUXPEW, Message, 23:06:47)
({3} [{1}]{0}: {2}, Name, YCCUDOPDWKNUXPEW, Message, 23:06:47)
({1}: {0} получил ключ, Name66, 23:06:52)
({1}: {0} получил ключ, Name66, 23:06:52)
({1}: {0} получил ключ, Name66, 23:06:53)
({3} [{1}]{0}: {2}, Name66, FYDVTNHIUXCLQMNP, Message, 23:06:53)
({3} [{1}]{0}: {2}, Name66, FYDVTNHIUXCLQMNP, Message, 23:06:54)
({3} [{1}]{0}: {2}, Name66, FYDVTNHIUXCLQMNP, Message, 23:06:54)
({3} [{1}]{0}: {2}, Name66, FYDVTNHIUXCLQMNP, Message, 23:06:54)
({3} [{1}]{0}: {2}, Name66, FYDVTNHIUXCLQMNP, Message, 23:06:55)
({1}: {0} получил ключ, QJXI, 23:07:02)
({3} [{1}]{0}: {2}, QJXI, FJTBYJMOREJRMGJM, TestMessage, 23:07:02)
({1}: {0} получил ключ, XRKH, 23:07:02)
({3} [{1}]{0}: {2}, XRKH, VUGXSBVTBGFKHAGR, TestMessage, 23:07:02)
({1}: {0} получил ключ, MAED, 23:07:03)
({3} [{1}]{0}: {2}, MAED, VIJNPRQHQHBATIQN, TestMessage, 23:07:03)
({1}: {0} получил ключ, GQNO, 23:07:03)
({3} [{1}]{0}: {2}, GQNO, FOPNRIPVGGRCGYGJ, TestMessage, 23:07:03)
({1}: {0} получил ключ, NLSX, 23:07:03)
({3} [{1}]{0}: {2}, NLSX, SKKIAVVVYRHLKUIV, TestMessage, 23:07:03)
({1}: {0} получил ключ, LLKW, 23:07:04)
({3} [{1}]{0}: {2}, LLKW, SYMXWNQKOSEBWDSR, TestMessage, 23:07:04)
({1}: {0} получил ключ, BXEB, 23:07:04)
({3} [{1}]{0}: {2}, BXEB, GUHSEBWKHDTKCYUE, TestMessage, 23:07:04)
({1}: {0} получил ключ, FLGG, 23:07:04)
({3} [{1}]{0}: {2}, FLGG, GJJIBRRXWFPYOHFB, TestMessage, 23:07:04)
({1}: {0} получил ключ, JNMK, 23:07:04)
({3} [{1}]{0}: {2}, JNMK, TFDDJGXYPPFISDHM, TestMessage, 23:07:04)
({1}: {0} получил ключ, WVYQ, 23:07:05)
({3} [{1}]{0}: {2}, WVYQ, TSFSFWSMFQCXFLRJ, TestMessage, 23:07:05)
({1}: {0} получил ключ, MMWW, 23:07:05)
({3} [{1}]{0}: {2}, MMWW, HOANNKYNXCRHKHTV, TestMessage, 23:07:05)
({1}: {0} получил ключ, XQWX, 23:07:05)
({3} [{1}]{0}: {2}, XQWX, HDCDKCTBNDNWWPER, TestMessage, 23:07:05)
({1}: {0} получил ключ, GSTI, 23:07:06)
({3} [{1}]{0}: {2}, GSTI, UYWXSPACGODGBLGE, TestMessage, 23:07:06)
({1}: {0} получил ключ, SBEU, 23:07:06)
({3} [{1}]{0}: {2}, SBEU, TNYNOGUPVPYUNTQA, TestMessage, 23:07:06)
({1}: {0} получил ключ, NUPJ, 23:07:06)
({3} [{1}]{0}: {2}, NUPJ, HJSIWUBPOAOERPSM, TestMessage, 23:07:06)
({1}: {0} получил ключ, QHGH, 23:07:07)
({3} [{1}]{0}: {2}, QHGH, QPAJYLAEEYGGEGII, TestMessage, 23:07:07)
({1}: {0} получил ключ, PFGR, 23:07:07)
({3} [{1}]{0}: {2}, PFGR, USPSCYCEWMBDJTFU, TestMessage, 23:07:07)
({1}: {0} получил ключ, UXYN, 23:07:07)
({3} [{1}]{0}: {2}, UXYN, UHRIXQVRMNWSVCPQ, TestMessage, 23:07:07)
({1}: {0} получил ключ, OLXA, 23:07:08)
({3} [{1}]{0}: {2}, OLXA, IDMDGECSFYMCAXSD, TestMessage, 23:07:08)
({1}: {0} получил ключ, VYJK, 23:07:08)
({3} [{1}]{0}: {2}, VYJK, IROSDUWGUAJQMGCY, TestMessage, 23:07:08)
({1}: {0} получил ключ, CRXO, 23:07:08)
({3} [{1}]{0}: {2}, CRXO, VNIOLJDHNLYARCFL, TestMessage, 23:07:08)
({1}: {0} получил ключ, IXRJ, 23:07:09)
({3} [{1}]{0}: {2}, IXRJ, VBKDHAXUDMUPEKOI, TestMessage, 23:07:09)
({1}: {0} получил ключ, FDNY, 23:07:09)
({3} [{1}]{0}: {2}, FDNY, JWFYPNEVVWKYIGRT, TestMessage, 23:07:09)
({1}: {0} получил ключ, KEMX, 23:07:09)
({3} [{1}]{0}: {2}, KEMX, JLHNMFYJLYHNUOBQ, TestMessage, 23:07:09)
({1}: {0} получил ключ, MPCY, 23:07:09)
({3} [{1}]{0}: {2}, MPCY, WHCJUSFKEJVXYKED, TestMessage, 23:07:09)
({1}: {0} получил ключ, FOVW, 23:07:10)
({3} [{1}]{0}: {2}, FOVW, WVEXQJAXTKSMMSOY, TestMessage, 23:07:10)
({1}: {0} получил ключ, XGJK, 23:07:10)
({3} [{1}]{0}: {2}, XGJK, KRXTYXGXNVIVQOQL, TestMessage, 23:07:10)
({1}: {0} получил ключ, XRLU, 23:07:10)
({3} [{1}]{0}: {2}, XRLU, KFBJVOBMDWELDWBH, TestMessage, 23:07:10)
({1}: {0} получил ключ, UMCX, 23:07:11)
({3} [{1}]{0}: {2}, UMCX, XBUEECHMVHTUHSDT, TestMessage, 23:07:11)
({1}: {0} получил ключ, UTQY, 23:07:11)
({3} [{1}]{0}: {2}, UTQY, XPWTATCALJQJTBNP, TestMessage, 23:07:11)
({1}: {0} получил ключ, LCWR, 23:07:11)
({3} [{1}]{0}: {2}, LCWR, WQUNDFGMILPBQKRS, TestMessage, 23:07:11)
({1}: {0} получил ключ, GVTB, 23:07:12)
({3} [{1}]{0}: {2}, GVTB, WFXDYVBAXMMQDSCO, TestMessage, 23:07:12)
({1}: {0} получил ключ, DQNO, 23:07:12)
({3} [{1}]{0}: {2}, DQNO, KBRXHKHAQXBAHOFB, TestMessage, 23:07:12)
({1}: {0} получил ключ, KHBA, 23:07:12)
({3} [{1}]{0}: {2}, KHBA, KPTNEBCOGYXOUWOX, TestMessage, 23:07:12)
({1}: {0} получил ключ, WAGV, 23:07:13)
({3} [{1}]{0}: {2}, WAGV, XLOILOIOYJNYYSRJ, TestMessage, 23:07:13)
({1}: {0} получил ключ, HMEY, 23:07:13)
({3} [{1}]{0}: {2}, HMEY, WYQXIGDCOLJNLBBG, TestMessage, 23:07:13)
({1}: {0} получил ключ, ESFV, 23:07:13)
({3} [{1}]{0}: {2}, ESFV, GFXXKWCQEJBPXRQC, TestMessage, 23:07:13)
({1}: {0} получил ключ, KMTU, 23:07:14)
({3} [{1}]{0}: {2}, KMTU, TBRSSKIRWUQYCNSO, TestMessage, 23:07:14)
({1}: {0} получил ключ, UXGB, 23:07:14)
({3} [{1}]{0}: {2}, UXGB, TPTIPBDFMVMOOVDK, TestMessage, 23:07:14)
({1}: {0} получил ключ, OHVT, 23:07:14)
({3} [{1}]{0}: {2}, OHVT, HLODXPJGFHCXTRFW, TestMessage, 23:07:14)
({1}: {0} получил ключ, RCKM, 23:07:14)
({3} [{1}]{0}: {2}, RCKM, HAQSTGETUIXMGAPS, TestMessage, 23:07:14)
({1}: {0} получил ключ, NBYA, 23:07:15)
({3} [{1}]{0}: {2}, NBYA, ENPYITOUNQIJKEXF, TestMessage, 23:07:15)
({1}: {0} получил ключ, HWGD, 23:07:15)
({3} [{1}]{0}: {2}, HWGD, ECROEKJIDRFXWMHB, TestMessage, 23:07:15)
({1}: {0} получил ключ, AHHR, 23:07:15)
({3} [{1}]{0}: {2}, AHHR, RXMJMYPJVDTHCIKN, TestMessage, 23:07:15)
({1}: {0} получил ключ, TIVL, 23:07:16)
({3} [{1}]{0}: {2}, TIVL, RLOYJPKWLEQWOQTJ, TestMessage, 23:07:16)
({1}: {0} получил ключ, FGKT, 23:07:16)
({3} [{1}]{0}: {2}, FGKT, FHJTRDQXEOGGSMWV, TestMessage, 23:07:16)
({1}: {0} получил ключ, MLDF, 23:07:16)
({3} [{1}]{0}: {2}, MLDF, FVLJNULLTQCVFUGR, TestMessage, 23:07:16)
({1}: {0} получил ключ, INIW, 23:07:17)
({3} [{1}]{0}: {2}, INIW, SRFEVIRMMBRFJQJE, TestMessage, 23:07:17)
({1}: {0} получил ключ, PDJH, 23:07:17)
({3} [{1}]{0}: {2}, PDJH, SGHTSYMACCOTWYSA, TestMessage, 23:07:17)
({1}: {0} получил ключ, VKAX, 23:07:17)
({3} [{1}]{0}: {2}, VKAX, GCCOAMSAUNEDBUVM, TestMessage, 23:07:17)
